Log file opened on Tue Mar  2 15:16:53 2021
Host: pcoms006a.vu.local  pid: 2802786  nodeid: 0  nnodes:  1
Gromacs version:    VERSION 4.6.7
Precision:          single
Memory model:       64 bit
MPI library:        thread_mpi
OpenMP support:     enabled
GPU support:        disabled
invsqrt routine:    gmx_software_invsqrt(x)
CPU acceleration:   AVX_256
FFT library:        fftw-3.3.2-sse2
Large file support: enabled
RDTSCP usage:       enabled
Built on:           ma dec 14 17:06:54 CET 2020
Built by:           ebs262@pc-026953.vu.local [CMAKE]
Build OS/arch:      Linux 3.10.0-1127.10.1.el7.x86_64 x86_64
Build CPU vendor:   GenuineIntel
Build CPU brand:    Intel(R) Core(TM) i5-4440 CPU @ 3.10GHz
Build CPU family:   6   Model: 60   Stepping: 3
Build CPU features: aes apic avx avx2 clfsh cmov cx8 cx16 f16c fma htt lahf_lm mmx msr nonstop_tsc pcid pclmuldq pdcm pdpe1gb popcnt pse rdrnd rdtscp sse2 sse3 sse4.1 sse4.2 ssse3 tdt x2apic
C compiler:         /usr/bin/cc GNU cc (GCC) 4.8.5 20150623 (Red Hat 4.8.5-39)
C compiler flags:   -mavx    -Wextra -Wno-missing-field-initializers -Wno-sign-compare -Wall -Wno-unused -Wunused-value -Wno-unused-parameter -Wno-array-bounds -Wno-maybe-uninitialized -Wno-strict-overflow   -fomit-frame-pointer -funroll-all-loops -fexcess-precision=fast  -O3 -DNDEBUG


                         :-)  G  R  O  M  A  C  S  (-:

                      GROwing Monsters And Cloning Shrimps

                            :-)  VERSION 4.6.7  (-:

        Contributions from Mark Abraham, Emile Apol, Rossen Apostolov, 
           Herman J.C. Berendsen, Aldert van Buuren, Pär Bjelkmar,  
     Rudi van Drunen, Anton Feenstra, Gerrit Groenhof, Christoph Junghans, 
        Peter Kasson, Carsten Kutzner, Per Larsson, Pieter Meulenhoff, 
           Teemu Murtola, Szilard Pall, Sander Pronk, Roland Schulz, 
                Michael Shirts, Alfons Sijbers, Peter Tieleman,

               Berk Hess, David van der Spoel, and Erik Lindahl.

       Copyright (c) 1991-2000, University of Groningen, The Netherlands.
         Copyright (c) 2001-2012,2013, The GROMACS development team at
        Uppsala University & The Royal Institute of Technology, Sweden.
            check out http://www.gromacs.org for more information.

         This program is free software; you can redistribute it and/or
       modify it under the terms of the GNU Lesser General Public License
        as published by the Free Software Foundation; either version 2.1
             of the License, or (at your option) any later version.

                     :-)  /usr/local/gromacs/bin/mdrun  (-:


++++ PLEASE READ AND CITE THE FOLLOWING REFERENCE ++++
B. Hess and C. Kutzner and D. van der Spoel and E. Lindahl
GROMACS 4: Algorithms for highly efficient, load-balanced, and scalable
molecular simulation
J. Chem. Theory Comput. 4 (2008) pp. 435-447
-------- -------- --- Thank You --- -------- --------


++++ PLEASE READ AND CITE THE FOLLOWING REFERENCE ++++
D. van der Spoel, E. Lindahl, B. Hess, G. Groenhof, A. E. Mark and H. J. C.
Berendsen
GROMACS: Fast, Flexible and Free
J. Comp. Chem. 26 (2005) pp. 1701-1719
-------- -------- --- Thank You --- -------- --------


++++ PLEASE READ AND CITE THE FOLLOWING REFERENCE ++++
E. Lindahl and B. Hess and D. van der Spoel
GROMACS 3.0: A package for molecular simulation and trajectory analysis
J. Mol. Mod. 7 (2001) pp. 306-317
-------- -------- --- Thank You --- -------- --------


++++ PLEASE READ AND CITE THE FOLLOWING REFERENCE ++++
H. J. C. Berendsen, D. van der Spoel and R. van Drunen
GROMACS: A message-passing parallel molecular dynamics implementation
Comp. Phys. Comm. 91 (1995) pp. 43-56
-------- -------- --- Thank You --- -------- --------

Input Parameters:
   integrator           = md
   nsteps               = 2000
   init-step            = 0
   cutoff-scheme        = Group
   ns_type              = Grid
   nstlist              = 10
   ndelta               = 2
   nstcomm              = 100
   comm-mode            = Linear
   nstlog               = 1000
   nstxout              = 1000
   nstvout              = 1000
   nstfout              = 0
   nstcalcenergy        = 100
   nstenergy            = 1000
   nstxtcout            = 1000
   init-t               = 0
   delta-t              = 0.02
   xtcprec              = 1000
   fourierspacing       = 0.12
   nkx                  = 10
   nky                  = 10
   nkz                  = 10
   pme-order            = 4
   ewald-rtol           = 1e-05
   ewald-geometry       = 0
   epsilon-surface      = 0
   optimize-fft         = FALSE
   ePBC                 = xyz
   bPeriodicMols        = FALSE
   bContinuation        = FALSE
   bShakeSOR            = FALSE
   etc                  = Berendsen
   bPrintNHChains       = FALSE
   nsttcouple           = 1
   epc                  = Berendsen
   epctype              = Isotropic
   nstpcouple           = 10
   tau-p                = 0.5
   ref-p (3x3):
      ref-p[    0]={ 3.00000e+02,  0.00000e+00,  0.00000e+00}
      ref-p[    1]={ 0.00000e+00,  3.00000e+02,  0.00000e+00}
      ref-p[    2]={ 0.00000e+00,  0.00000e+00,  3.00000e+02}
   compress (3x3):
      compress[    0]={ 1.00000e-05,  0.00000e+00,  0.00000e+00}
      compress[    1]={ 0.00000e+00,  1.00000e-05,  0.00000e+00}
      compress[    2]={ 0.00000e+00,  0.00000e+00,  1.00000e-05}
   refcoord-scaling     = No
   posres-com (3):
      posres-com[0]= 0.00000e+00
      posres-com[1]= 0.00000e+00
      posres-com[2]= 0.00000e+00
   posres-comB (3):
      posres-comB[0]= 0.00000e+00
      posres-comB[1]= 0.00000e+00
      posres-comB[2]= 0.00000e+00
   verlet-buffer-drift  = 0.005
   rlist                = 1.2
   rlistlong            = 1.2
   nstcalclr            = 0
   rtpi                 = 0.05
   coulombtype          = Shift
   coulomb-modifier     = None
   rcoulomb-switch      = 0
   rcoulomb             = 1.2
   vdwtype              = Shift
   vdw-modifier         = None
   rvdw-switch          = 0.9
   rvdw                 = 1.2
   epsilon-r            = 15
   epsilon-rf           = inf
   tabext               = 1
   implicit-solvent     = No
   gb-algorithm         = Still
   gb-epsilon-solvent   = 80
   nstgbradii           = 1
   rgbradii             = 1
   gb-saltconc          = 0
   gb-obc-alpha         = 1
   gb-obc-beta          = 0.8
   gb-obc-gamma         = 4.85
   gb-dielectric-offset = 0.009
   sa-algorithm         = Ace-approximation
   sa-surface-tension   = 2.05016
   DispCorr             = No
   bSimTemp             = FALSE
   free-energy          = no
   nwall                = 0
   wall-type            = 9-3
   wall-atomtype[0]     = -1
   wall-atomtype[1]     = -1
   wall-density[0]      = 0
   wall-density[1]      = 0
   wall-ewald-zfac      = 3
   pull                 = no
   rotation             = FALSE
   disre                = No
   disre-weighting      = Conservative
   disre-mixed          = FALSE
   dr-fc                = 1000
   dr-tau               = 0
   nstdisreout          = 100
   orires-fc            = 0
   orires-tau           = 0
   nstorireout          = 100
   dihre-fc             = 0
   em-stepsize          = 0.01
   em-tol               = 10
   niter                = 20
   fc-stepsize          = 0
   nstcgsteep           = 1000
   nbfgscorr            = 10
   ConstAlg             = Lincs
   shake-tol            = 0.0001
   lincs-order          = 4
   lincs-warnangle      = 30
   lincs-iter           = 1
   bd-fric              = 0
   ld-seed              = 1993
   cos-accel            = 0
   deform (3x3):
      deform[    0]={ 0.00000e+00,  0.00000e+00,  0.00000e+00}
      deform[    1]={ 0.00000e+00,  0.00000e+00,  0.00000e+00}
      deform[    2]={ 0.00000e+00,  0.00000e+00,  0.00000e+00}
   adress               = FALSE
   userint1             = 0
   userint2             = 0
   userint3             = 0
   userint4             = 0
   userreal1            = 0
   userreal2            = 0
   userreal3            = 0
   userreal4            = 0
grpopts:
   nrdf:     1406.79     19125.2
   ref-t:         303         303
   tau-t:         0.1         0.1
anneal:          No          No
ann-npoints:           0           0
   acc:	           0           0           0
   nfreeze:           N           N           N
   energygrp-flags[  0]: 0 0
   energygrp-flags[  1]: 0 0
   efield-x:
      n = 0
   efield-xt:
      n = 0
   efield-y:
      n = 0
   efield-yt:
      n = 0
   efield-z:
      n = 0
   efield-zt:
      n = 0
   bQMMM                = FALSE
   QMconstraints        = 0
   QMMMscheme           = 0
   scalefactor          = 1
qm-opts:
   ngQM                 = 0

Initializing Domain Decomposition on 32 nodes
Dynamic load balancing: auto
Will sort the charge groups at every domain (re)decomposition
Initial maximum inter charge-group distances:
    two-body bonded interactions: 1.005 nm, G96Bond, atoms 50 63
  multi-body bonded interactions: 0.738 nm, G96Angle, atoms 260 264
Minimum cell size due to bonded interactions: 0.812 nm
Maximum distance for 5 constraints, at 120 deg. angles, all-trans: 1.350 nm
Estimated maximum distance required for P-LINCS: 1.350 nm
This distance will limit the DD cell size, you can override this with -rcon
Scaling the initial minimum size with 1/0.8 (option -dds) = 1.25
Optimizing the DD grid for 32 cells with a minimum initial size of 1.688 nm
The maximum allowed number of cells is: X 5 Y 5 Z 4
Domain decomposition grid 4 x 4 x 2, separate PME nodes 0
Domain decomposition nodeid 0, coordinates 0 0 0

Using 32 MPI threads

Detecting CPU-specific acceleration.
Present hardware specification:
Vendor: GenuineIntel
Brand:  Intel(R) Xeon(R) Silver 4110 CPU @ 2.10GHz
Family:  6  Model: 85  Stepping:  4
Features: aes apic avx avx2 clfsh cmov cx8 cx16 f16c fma htt lahf_lm mmx msr nonstop_tsc pcid pclmuldq pdcm pdpe1gb popcnt pse rdrnd rdtscp sse2 sse3 sse4.1 sse4.2 ssse3 tdt x2apic
Acceleration most likely to fit this hardware: AVX_256
Acceleration selected at GROMACS compile time: AVX_256

Table routines are used for coulomb: TRUE
Table routines are used for vdw:     TRUE
Using shifted Lennard-Jones, switch between 0.9 and 1.2 nm
Cut-off's:   NS: 1.2   Coulomb: 1.2   LJ: 1.2
System total charge: 0.000
Generated table with 1100 data points for Shift.
Tabscale = 500 points/nm
Generated table with 1100 data points for LJ6Shift.
Tabscale = 500 points/nm
Generated table with 1100 data points for LJ12Shift.
Tabscale = 500 points/nm
Potential shift: LJ r^-12: 0.000 r^-6 0.000
Removing pbc first time
Pinning threads with an auto-selected logical core stride of 1

Initializing Parallel LINear Constraint Solver

++++ PLEASE READ AND CITE THE FOLLOWING REFERENCE ++++
B. Hess
P-LINCS: A Parallel Linear Constraint Solver for molecular simulation
J. Chem. Theory Comput. 4 (2008) pp. 116-122
-------- -------- --- Thank You --- -------- --------

The number of constraints is 108
There are inter charge-group constraints,
will communicate selected coordinates each lincs iteration
65 constraints are involved in constraint triangles,
will apply an additional matrix expansion of order 4 for couplings
between constraints inside triangles

Linking all bonded interactions to atoms

The initial number of communication pulses is: X 1 Y 1 Z 1
The initial domain decomposition cell size is: X 2.11 nm Y 2.11 nm Z 3.66 nm

The maximum allowed distance for charge groups involved in interactions is:
                 non-bonded interactions           1.200 nm
(the following are initial values, they could change due to box deformation)
            two-body bonded interactions  (-rdd)   1.200 nm
          multi-body bonded interactions  (-rdd)   1.200 nm
  atoms separated by up to 5 constraints  (-rcon)  2.112 nm

When dynamic load balancing gets turned on, these settings will change to:
The maximum number of communication pulses is: X 1 Y 1 Z 1
The minimum size for domain decomposition cells is 1.350 nm
The requested allowed shrink of DD cells (option -dds) is: 0.80
The allowed shrink of domain decomposition cells is: X 0.64 Y 0.64 Z 0.37
The maximum allowed distance for charge groups involved in interactions is:
                 non-bonded interactions           1.200 nm
            two-body bonded interactions  (-rdd)   1.200 nm
          multi-body bonded interactions  (-rdd)   1.200 nm
  atoms separated by up to 5 constraints  (-rcon)  1.350 nm


Making 3D domain decomposition grid 4 x 4 x 2, home cell index 0 0 0

Center of mass motion removal mode is Linear
We have the following groups for center of mass motion removal:
  0:  rest

++++ PLEASE READ AND CITE THE FOLLOWING REFERENCE ++++
H. J. C. Berendsen, J. P. M. Postma, A. DiNola and J. R. Haak
Molecular dynamics with coupling to an external bath
J. Chem. Phys. 81 (1984) pp. 3684-3690
-------- -------- --- Thank You --- -------- --------

There are: 6881 Atoms
Charge group distribution at step 0: 224 214 235 225 234 198 198 216 236 213 251 222 241 204 209 205 225 209 243 231 240 197 196 201 196 209 200 212 211 192 187 207
Grid: 6 x 6 x 6 cells

Constraining the starting coordinates (step 0)

Constraining the coordinates at t0-dt (step 0)
RMS relative constraint deviation after constraining: 0.00e+00
Initial temperature: 302.829 K

Started mdrun on node 0 Thu Jan  1 01:00:00 1970
           Step           Time         Lambda
              0        0.00000        0.00000


   Energies (kJ/mol)
           Bond        G96Bond       G96Angle    Proper Dih.  Improper Dih.
    3.47170e+02    5.78713e+02    4.56376e+02    1.11138e+02    2.07112e+01
        LJ (SR)   Coulomb (SR) Position Rest.      Potential    Kinetic En.
   -1.92153e+05   -4.51169e+01    4.78814e-03   -1.90684e+05    2.58599e+04
   Total Energy    Temperature Pressure (bar)   Constr. rmsd
   -1.64824e+05    3.02962e+02   -1.73275e+02    2.13955e-06

DD  step 9 load imb.: force 49.4%

At step 10 the performance loss due to force load imbalance is 5.6 %

NOTE: Turning on dynamic load balancing

DD  step 999  vol min/aver 0.597  load imb.: force  4.3%

           Step           Time         Lambda
           1000       20.00000        0.00000

   Energies (kJ/mol)
           Bond        G96Bond       G96Angle    Proper Dih.  Improper Dih.
    5.48013e+02    7.12842e+02    5.64734e+02    1.39023e+02    1.82129e+01
        LJ (SR)   Coulomb (SR) Position Rest.      Potential    Kinetic En.
   -1.83433e+05   -4.40844e+01    7.59620e+02   -1.80735e+05    2.60314e+04
   Total Energy    Temperature Pressure (bar)   Constr. rmsd
   -1.54703e+05    3.04972e+02    2.32420e+02    2.66312e-06

DD  step 1999  vol min/aver 0.574  load imb.: force  8.2%

           Step           Time         Lambda
           2000       40.00000        0.00000

Writing checkpoint, step 2000 at Tue Mar  2 15:16:54 2021


   Energies (kJ/mol)
           Bond        G96Bond       G96Angle    Proper Dih.  Improper Dih.
    5.45420e+02    7.36952e+02    5.40815e+02    1.40115e+02    2.03607e+01
        LJ (SR)   Coulomb (SR) Position Rest.      Potential    Kinetic En.
   -1.83141e+05   -4.60660e+01    6.84886e+02   -1.80518e+05    2.59802e+04
   Total Energy    Temperature Pressure (bar)   Constr. rmsd
   -1.54538e+05    3.04372e+02    3.60972e+02    2.49023e-06

	<======  ###############  ==>
	<====  A V E R A G E S  ====>
	<==  ###############  ======>

	Statistics over 2001 steps using 21 frames

   Energies (kJ/mol)
           Bond        G96Bond       G96Angle    Proper Dih.  Improper Dih.
    5.46302e+02    7.49841e+02    5.62920e+02    1.50824e+02    1.99198e+01
        LJ (SR)   Coulomb (SR) Position Rest.      Potential    Kinetic En.
   -1.83335e+05   -4.47929e+01    6.96783e+02   -1.80654e+05    2.59143e+04
   Total Energy    Temperature Pressure (bar)   Constr. rmsd
   -1.54739e+05    3.03600e+02    2.64759e+02    0.00000e+00

          Box-X          Box-Y          Box-Z
    1.03535e+01    1.03535e+01    7.32101e+00

   Total Virial (kJ/mol)
    1.92220e+03    1.09814e+02    1.21862e+02
    1.09814e+02    3.45845e+03   -1.15423e+02
    1.21861e+02   -1.15424e+02    1.76535e+03

   Pressure (bar)
    2.86273e+02   -5.25608e+00   -2.74052e+00
   -5.25611e+00    2.17186e+02    5.79029e+00
   -2.74046e+00    5.79032e+00    2.90818e+02

  Epot (kJ/mol)        Coul-SR          LJ-SR   
Protein-Protein   -4.47929e+01   -6.60976e+03
Protein-non-Protein    0.00000e+00   -7.00974e+03
non-Protein-non-Protein    0.00000e+00   -1.69716e+05

      T-Protein  T-non-Protein
    3.03797e+02    3.03585e+02


	M E G A - F L O P S   A C C O U N T I N G

 NB=Group-cutoff nonbonded kernels    NxN=N-by-N cluster Verlet kernels
 RF=Reaction-Field  VdW=Van der Waals  QSTab=quadratic-spline table
 W3=SPC/TIP3p  W4=TIP4p (single or pairs)
 V&F=Potential and force  V=Potential only  F=Force only

 Computing:                               M-Number         M-Flops  % Flops
-----------------------------------------------------------------------------
 NB VdW [V&F]                           307.491417         307.491     1.0
 NB VdW [F]                           24917.621150       24917.621    83.4
 NB VdW & Elec. [V&F]                     0.552203           0.552     0.0
 NB VdW & Elec. [F]                      42.917745          42.918     0.1
 NS-Pairs                               171.557964        3602.717    12.1
 Reset In Box                             1.383081           4.149     0.0
 CG-CoM                                   1.389962           4.170     0.0
 Bonds                                    3.335667         196.804     0.7
 Angles                                   1.000500         168.084     0.6
 Propers                                  0.150075          34.367     0.1
 Impropers                                0.044022           9.157     0.0
 Pos. Restr.                              1.010505          50.525     0.2
 Virial                                   1.672521          30.105     0.1
 Stop-CM                                  0.151382           1.514     0.0
 P-Coupling                              13.768881          82.613     0.3
 Calc-Ekin                               13.775762         371.946     1.2
 Lincs                                    0.277378          16.643     0.1
 Lincs-Mat                                3.534564          14.138     0.0
 Constraint-V                             0.554486           4.436     0.0
 Constraint-Vir                           0.027835           0.668     0.0
-----------------------------------------------------------------------------
 Total                                                   29860.619   100.0
-----------------------------------------------------------------------------


    D O M A I N   D E C O M P O S I T I O N   S T A T I S T I C S

 av. #atoms communicated per step for force:  2 x 15298.8
 av. #atoms communicated per step for LINCS:  2 x 44.1

 Average load imbalance: 5.9 %
 Part of the total run time spent waiting due to load imbalance: 1.6 %
 Steps where the load balancing was limited by -rdd, -rcon and/or -dds: X 0 % Y 1 % Z 0 %


     R E A L   C Y C L E   A N D   T I M E   A C C O U N T I N G

 Computing:         Nodes   Th.     Count  Wall t (s)     G-Cycles       %
-----------------------------------------------------------------------------
 Domain decomp.        32    1        201       0.116        7.783    11.4
 DD comm. load         32    1        200       0.001        0.060     0.1
 DD comm. bounds       32    1        200       0.004        0.252     0.4
 Neighbor search       32    1        201       0.216       14.486    21.3
 Comm. coord.          32    1       2001       0.039        2.619     3.9
 Force                 32    1       2001       0.298       19.953    29.4
 Wait + Comm. F        32    1       2001       0.074        4.958     7.3
 Write traj.           32    1          3       0.003        0.200     0.3
 Update                32    1       2001       0.018        1.222     1.8
 Constraints           32    1       2001       0.061        4.088     6.0
 Comm. energies        32    1       2001       0.158       10.608    15.6
 Rest                  32                       0.026        1.749     2.6
-----------------------------------------------------------------------------
 Total                 32                       1.014       67.979   100.0
-----------------------------------------------------------------------------

NOTE: 16 % of the run time was spent communicating energies,
      you might want to use the -gcom option of mdrun


               Core t (s)   Wall t (s)        (%)
       Time:       32.271        1.014     3183.2
                 (ns/day)    (hour/ns)
Performance:     3410.688        0.007
Finished mdrun on node 0 Tue Mar  2 15:16:54 2021
